48 - INFO - Browsing the files...
53 - INFO - Image1 opened correctly
82 - INFO - Data is ploted
60 - INFO - Image1  is ploted
48 - INFO - Browsing the files...
53 - INFO - Image2 opened correctly
82 - INFO - Data is ploted
60 - INFO - Image2  is ploted
143 - WARNING - Unavailable Mode
143 - WARNING - Unavailable Mode
149 - WARNING - No Mode is selected
143 - WARNING - Unavailable Mode
143 - WARNING - Unavailable Mode
149 - WARNING - No Mode is selected
143 - WARNING - Unavailable Mode
143 - WARNING - Unavailable Mode
149 - WARNING - No Mode is selected
143 - WARNING - Unavailable Mode
143 - WARNING - Unavailable Mode
149 - WARNING - No Mode is selected
143 - WARNING - Unavailable Mode
143 - WARNING - Unavailable Mode
149 - WARNING - No Mode is selected
143 - WARNING - Unavailable Mode
143 - WARNING - Unavailable Mode
149 - WARNING - No Mode is selected
143 - WARNING - Unavailable Mode
143 - WARNING - Unavailable Mode
149 - WARNING - No Mode is selected
143 - WARNING - Unavailable Mode
143 - WARNING - Unavailable Mode
149 - WARNING - No Mode is selected
143 - WARNING - Unavailable Mode
143 - WARNING - Unavailable Mode
149 - WARNING - No Mode is selected
143 - WARNING - Unavailable Mode
143 - WARNING - Unavailable Mode
149 - WARNING - No Mode is selected
143 - WARNING - Unavailable Mode
143 - WARNING - Unavailable Mode
149 - WARNING - No Mode is selected
143 - WARNING - Unavailable Mode
143 - WARNING - Unavailable Mode
149 - WARNING - No Mode is selected
143 - WARNING - Unavailable Mode
143 - WARNING - Unavailable Mode
149 - WARNING - No Mode is selected
143 - WARNING - Unavailable Mode
143 - WARNING - Unavailable Mode
149 - WARNING - No Mode is selected
143 - WARNING - Unavailable Mode
143 - WARNING - Unavailable Mode
149 - WARNING - No Mode is selected
143 - WARNING - Unavailable Mode
143 - WARNING - Unavailable Mode
149 - WARNING - No Mode is selected
143 - WARNING - Unavailable Mode
143 - WARNING - Unavailable Mode
149 - WARNING - No Mode is selected
143 - WARNING - Unavailable Mode
143 - WARNING - Unavailable Mode
149 - WARNING - No Mode is selected
143 - WARNING - Unavailable Mode
143 - WARNING - Unavailable Mode
149 - WARNING - No Mode is selected
143 - WARNING - Unavailable Mode
143 - WARNING - Unavailable Mode
149 - WARNING - No Mode is selected
143 - WARNING - Unavailable Mode
143 - WARNING - Unavailable Mode
149 - WARNING - No Mode is selected
143 - WARNING - Unavailable Mode
143 - WARNING - Unavailable Mode
149 - WARNING - No Mode is selected
143 - WARNING - Unavailable Mode
143 - WARNING - Unavailable Mode
149 - WARNING - No Mode is selected
143 - WARNING - Unavailable Mode
143 - WARNING - Unavailable Mode
149 - WARNING - No Mode is selected
143 - WARNING - Unavailable Mode
143 - WARNING - Unavailable Mode
149 - WARNING - No Mode is selected
143 - WARNING - Unavailable Mode
143 - WARNING - Unavailable Mode
149 - WARNING - No Mode is selected
143 - WARNING - Unavailable Mode
143 - WARNING - Unavailable Mode
149 - WARNING - No Mode is selected
143 - WARNING - Unavailable Mode
143 - WARNING - Unavailable Mode
149 - WARNING - No Mode is selected
143 - WARNING - Unavailable Mode
143 - WARNING - Unavailable Mode
149 - WARNING - No Mode is selected
143 - WARNING - Unavailable Mode
143 - WARNING - Unavailable Mode
149 - WARNING - No Mode is selected
143 - WARNING - Unavailable Mode
143 - WARNING - Unavailable Mode
149 - WARNING - No Mode is selected
143 - WARNING - Unavailable Mode
143 - WARNING - Unavailable Mode
149 - WARNING - No Mode is selected
143 - WARNING - Unavailable Mode
143 - WARNING - Unavailable Mode
149 - WARNING - No Mode is selected
143 - WARNING - Unavailable Mode
143 - WARNING - Unavailable Mode
149 - WARNING - No Mode is selected
143 - WARNING - Unavailable Mode
143 - WARNING - Unavailable Mode
149 - WARNING - No Mode is selected
143 - WARNING - Unavailable Mode
143 - WARNING - Unavailable Mode
149 - WARNING - No Mode is selected
143 - WARNING - Unavailable Mode
143 - WARNING - Unavailable Mode
149 - WARNING - No Mode is selected
143 - WARNING - Unavailable Mode
143 - WARNING - Unavailable Mode
149 - WARNING - No Mode is selected
43 - INFO - Transfromed components into time 
50 - INFO - Mixing Magnitude and Phase
77 - INFO - Finished mixing
111 - INFO - Mix magnitude of image1 and phase of image1
43 - INFO - Transfromed components into time 
50 - INFO - Mixing Magnitude and Phase
77 - INFO - Finished mixing
111 - INFO - Mix magnitude of image1 and phase of image1
82 - INFO - Data is ploted
147 - INFO - Mode is selected
179 - INFO - Combobox Itemtext changed
43 - INFO - Transfromed components into time 
50 - INFO - Mixing Magnitude and Phase
77 - INFO - Finished mixing
111 - INFO - Mix magnitude of image1 and phase of image1
43 - INFO - Transfromed components into time 
50 - INFO - Mixing Magnitude and Phase
77 - INFO - Finished mixing
111 - INFO - Mix magnitude of image1 and phase of image1
82 - INFO - Data is ploted
147 - INFO - Mode is selected
43 - INFO - Transfromed components into time 
50 - INFO - Mixing Magnitude and Phase
77 - INFO - Finished mixing
111 - INFO - Mix magnitude of image1 and phase of image1
43 - INFO - Transfromed components into time 
50 - INFO - Mixing Magnitude and Phase
77 - INFO - Finished mixing
111 - INFO - Mix magnitude of image1 and phase of image1
82 - INFO - Data is ploted
147 - INFO - Mode is selected
43 - INFO - Transfromed components into time 
50 - INFO - Mixing Magnitude and Phase
77 - INFO - Finished mixing
111 - INFO - Mix magnitude of image1 and phase of image1
43 - INFO - Transfromed components into time 
50 - INFO - Mixing Magnitude and Phase
77 - INFO - Finished mixing
111 - INFO - Mix magnitude of image1 and phase of image1
82 - INFO - Data is ploted
147 - INFO - Mode is selected
43 - INFO - Transfromed components into time 
50 - INFO - Mixing Magnitude and Phase
77 - INFO - Finished mixing
111 - INFO - Mix magnitude of image1 and phase of image1
43 - INFO - Transfromed components into time 
50 - INFO - Mixing Magnitude and Phase
77 - INFO - Finished mixing
111 - INFO - Mix magnitude of image1 and phase of image1
82 - INFO - Data is ploted
147 - INFO - Mode is selected
43 - INFO - Transfromed components into time 
50 - INFO - Mixing Magnitude and Phase
77 - INFO - Finished mixing
111 - INFO - Mix magnitude of image1 and phase of image1
43 - INFO - Transfromed components into time 
50 - INFO - Mixing Magnitude and Phase
77 - INFO - Finished mixing
111 - INFO - Mix magnitude of image1 and phase of image1
82 - INFO - Data is ploted
147 - INFO - Mode is selected
43 - INFO - Transfromed components into time 
50 - INFO - Mixing Magnitude and Phase
77 - INFO - Finished mixing
111 - INFO - Mix magnitude of image1 and phase of image1
43 - INFO - Transfromed components into time 
50 - INFO - Mixing Magnitude and Phase
77 - INFO - Finished mixing
111 - INFO - Mix magnitude of image1 and phase of image1
82 - INFO - Data is ploted
147 - INFO - Mode is selected
43 - INFO - Transfromed components into time 
50 - INFO - Mixing Magnitude and Phase
77 - INFO - Finished mixing
111 - INFO - Mix magnitude of image1 and phase of image1
43 - INFO - Transfromed components into time 
50 - INFO - Mixing Magnitude and Phase
77 - INFO - Finished mixing
111 - INFO - Mix magnitude of image1 and phase of image1
82 - INFO - Data is ploted
147 - INFO - Mode is selected
43 - INFO - Transfromed components into time 
50 - INFO - Mixing Magnitude and Phase
77 - INFO - Finished mixing
111 - INFO - Mix magnitude of image1 and phase of image1
43 - INFO - Transfromed components into time 
50 - INFO - Mixing Magnitude and Phase
77 - INFO - Finished mixing
111 - INFO - Mix magnitude of image1 and phase of image1
82 - INFO - Data is ploted
147 - INFO - Mode is selected
43 - INFO - Transfromed components into time 
50 - INFO - Mixing Magnitude and Phase
77 - INFO - Finished mixing
111 - INFO - Mix magnitude of image1 and phase of image1
43 - INFO - Transfromed components into time 
50 - INFO - Mixing Magnitude and Phase
77 - INFO - Finished mixing
111 - INFO - Mix magnitude of image1 and phase of image1
82 - INFO - Data is ploted
147 - INFO - Mode is selected
43 - INFO - Transfromed components into time 
50 - INFO - Mixing Magnitude and Phase
77 - INFO - Finished mixing
111 - INFO - Mix magnitude of image1 and phase of image1
43 - INFO - Transfromed components into time 
50 - INFO - Mixing Magnitude and Phase
77 - INFO - Finished mixing
111 - INFO - Mix magnitude of image1 and phase of image1
82 - INFO - Data is ploted
147 - INFO - Mode is selected
43 - INFO - Transfromed components into time 
50 - INFO - Mixing Magnitude and Phase
77 - INFO - Finished mixing
111 - INFO - Mix magnitude of image1 and phase of image1
43 - INFO - Transfromed components into time 
50 - INFO - Mixing Magnitude and Phase
77 - INFO - Finished mixing
111 - INFO - Mix magnitude of image1 and phase of image1
82 - INFO - Data is ploted
147 - INFO - Mode is selected
43 - INFO - Transfromed components into time 
50 - INFO - Mixing Magnitude and Phase
77 - INFO - Finished mixing
111 - INFO - Mix magnitude of image1 and phase of image1
43 - INFO - Transfromed components into time 
50 - INFO - Mixing Magnitude and Phase
77 - INFO - Finished mixing
111 - INFO - Mix magnitude of image1 and phase of image1
82 - INFO - Data is ploted
147 - INFO - Mode is selected
43 - INFO - Transfromed components into time 
50 - INFO - Mixing Magnitude and Phase
77 - INFO - Finished mixing
111 - INFO - Mix magnitude of image1 and phase of image1
43 - INFO - Transfromed components into time 
50 - INFO - Mixing Magnitude and Phase
77 - INFO - Finished mixing
111 - INFO - Mix magnitude of image1 and phase of image1
82 - INFO - Data is ploted
147 - INFO - Mode is selected
43 - INFO - Transfromed components into time 
50 - INFO - Mixing Magnitude and Phase
77 - INFO - Finished mixing
111 - INFO - Mix magnitude of image1 and phase of image1
43 - INFO - Transfromed components into time 
50 - INFO - Mixing Magnitude and Phase
77 - INFO - Finished mixing
111 - INFO - Mix magnitude of image1 and phase of image1
82 - INFO - Data is ploted
147 - INFO - Mode is selected
43 - INFO - Transfromed components into time 
50 - INFO - Mixing Magnitude and Phase
77 - INFO - Finished mixing
111 - INFO - Mix magnitude of image1 and phase of image1
43 - INFO - Transfromed components into time 
50 - INFO - Mixing Magnitude and Phase
77 - INFO - Finished mixing
111 - INFO - Mix magnitude of image1 and phase of image1
82 - INFO - Data is ploted
147 - INFO - Mode is selected
43 - INFO - Transfromed components into time 
50 - INFO - Mixing Magnitude and Phase
77 - INFO - Finished mixing
111 - INFO - Mix magnitude of image1 and phase of image1
43 - INFO - Transfromed components into time 
50 - INFO - Mixing Magnitude and Phase
77 - INFO - Finished mixing
111 - INFO - Mix magnitude of image1 and phase of image1
82 - INFO - Data is ploted
147 - INFO - Mode is selected
43 - INFO - Transfromed components into time 
50 - INFO - Mixing Magnitude and Phase
77 - INFO - Finished mixing
111 - INFO - Mix magnitude of image1 and phase of image1
43 - INFO - Transfromed components into time 
50 - INFO - Mixing Magnitude and Phase
77 - INFO - Finished mixing
111 - INFO - Mix magnitude of image1 and phase of image1
82 - INFO - Data is ploted
147 - INFO - Mode is selected
43 - INFO - Transfromed components into time 
50 - INFO - Mixing Magnitude and Phase
77 - INFO - Finished mixing
111 - INFO - Mix magnitude of image1 and phase of image1
43 - INFO - Transfromed components into time 
50 - INFO - Mixing Magnitude and Phase
77 - INFO - Finished mixing
111 - INFO - Mix magnitude of image1 and phase of image1
82 - INFO - Data is ploted
147 - INFO - Mode is selected
43 - INFO - Transfromed components into time 
50 - INFO - Mixing Magnitude and Phase
77 - INFO - Finished mixing
111 - INFO - Mix magnitude of image1 and phase of image1
43 - INFO - Transfromed components into time 
50 - INFO - Mixing Magnitude and Phase
77 - INFO - Finished mixing
111 - INFO - Mix magnitude of image1 and phase of image1
82 - INFO - Data is ploted
147 - INFO - Mode is selected
43 - INFO - Transfromed components into time 
50 - INFO - Mixing Magnitude and Phase
77 - INFO - Finished mixing
111 - INFO - Mix magnitude of image1 and phase of image1
43 - INFO - Transfromed components into time 
50 - INFO - Mixing Magnitude and Phase
77 - INFO - Finished mixing
111 - INFO - Mix magnitude of image1 and phase of image1
82 - INFO - Data is ploted
147 - INFO - Mode is selected
43 - INFO - Transfromed components into time 
50 - INFO - Mixing Magnitude and Phase
77 - INFO - Finished mixing
111 - INFO - Mix magnitude of image1 and phase of image1
43 - INFO - Transfromed components into time 
50 - INFO - Mixing Magnitude and Phase
77 - INFO - Finished mixing
111 - INFO - Mix magnitude of image1 and phase of image1
82 - INFO - Data is ploted
147 - INFO - Mode is selected
43 - INFO - Transfromed components into time 
50 - INFO - Mixing Magnitude and Phase
77 - INFO - Finished mixing
111 - INFO - Mix magnitude of image1 and phase of image1
43 - INFO - Transfromed components into time 
50 - INFO - Mixing Magnitude and Phase
77 - INFO - Finished mixing
111 - INFO - Mix magnitude of image1 and phase of image1
82 - INFO - Data is ploted
147 - INFO - Mode is selected
43 - INFO - Transfromed components into time 
50 - INFO - Mixing Magnitude and Phase
77 - INFO - Finished mixing
111 - INFO - Mix magnitude of image1 and phase of image1
43 - INFO - Transfromed components into time 
50 - INFO - Mixing Magnitude and Phase
77 - INFO - Finished mixing
111 - INFO - Mix magnitude of image1 and phase of image1
82 - INFO - Data is ploted
147 - INFO - Mode is selected
43 - INFO - Transfromed components into time 
50 - INFO - Mixing Magnitude and Phase
77 - INFO - Finished mixing
111 - INFO - Mix magnitude of image1 and phase of image1
43 - INFO - Transfromed components into time 
50 - INFO - Mixing Magnitude and Phase
77 - INFO - Finished mixing
111 - INFO - Mix magnitude of image1 and phase of image1
82 - INFO - Data is ploted
147 - INFO - Mode is selected
43 - INFO - Transfromed components into time 
50 - INFO - Mixing Magnitude and Phase
77 - INFO - Finished mixing
111 - INFO - Mix magnitude of image1 and phase of image1
43 - INFO - Transfromed components into time 
50 - INFO - Mixing Magnitude and Phase
77 - INFO - Finished mixing
111 - INFO - Mix magnitude of image1 and phase of image1
82 - INFO - Data is ploted
147 - INFO - Mode is selected
43 - INFO - Transfromed components into time 
50 - INFO - Mixing Magnitude and Phase
77 - INFO - Finished mixing
111 - INFO - Mix magnitude of image1 and phase of image1
43 - INFO - Transfromed components into time 
50 - INFO - Mixing Magnitude and Phase
77 - INFO - Finished mixing
111 - INFO - Mix magnitude of image1 and phase of image1
82 - INFO - Data is ploted
147 - INFO - Mode is selected
43 - INFO - Transfromed components into time 
50 - INFO - Mixing Magnitude and Phase
77 - INFO - Finished mixing
111 - INFO - Mix magnitude of image1 and phase of image1
43 - INFO - Transfromed components into time 
50 - INFO - Mixing Magnitude and Phase
77 - INFO - Finished mixing
111 - INFO - Mix magnitude of image1 and phase of image1
82 - INFO - Data is ploted
147 - INFO - Mode is selected
43 - INFO - Transfromed components into time 
50 - INFO - Mixing Magnitude and Phase
77 - INFO - Finished mixing
111 - INFO - Mix magnitude of image1 and phase of image1
43 - INFO - Transfromed components into time 
50 - INFO - Mixing Magnitude and Phase
77 - INFO - Finished mixing
111 - INFO - Mix magnitude of image1 and phase of image1
82 - INFO - Data is ploted
147 - INFO - Mode is selected
43 - INFO - Transfromed components into time 
50 - INFO - Mixing Magnitude and Phase
77 - INFO - Finished mixing
111 - INFO - Mix magnitude of image1 and phase of image1
43 - INFO - Transfromed components into time 
50 - INFO - Mixing Magnitude and Phase
77 - INFO - Finished mixing
111 - INFO - Mix magnitude of image1 and phase of image1
82 - INFO - Data is ploted
147 - INFO - Mode is selected
43 - INFO - Transfromed components into time 
50 - INFO - Mixing Magnitude and Phase
77 - INFO - Finished mixing
111 - INFO - Mix magnitude of image1 and phase of image1
43 - INFO - Transfromed components into time 
50 - INFO - Mixing Magnitude and Phase
77 - INFO - Finished mixing
111 - INFO - Mix magnitude of image1 and phase of image1
82 - INFO - Data is ploted
147 - INFO - Mode is selected
43 - INFO - Transfromed components into time 
50 - INFO - Mixing Magnitude and Phase
77 - INFO - Finished mixing
111 - INFO - Mix magnitude of image1 and phase of image1
43 - INFO - Transfromed components into time 
50 - INFO - Mixing Magnitude and Phase
77 - INFO - Finished mixing
111 - INFO - Mix magnitude of image1 and phase of image1
82 - INFO - Data is ploted
147 - INFO - Mode is selected
43 - INFO - Transfromed components into time 
50 - INFO - Mixing Magnitude and Phase
77 - INFO - Finished mixing
111 - INFO - Mix magnitude of image1 and phase of image1
43 - INFO - Transfromed components into time 
50 - INFO - Mixing Magnitude and Phase
77 - INFO - Finished mixing
111 - INFO - Mix magnitude of image1 and phase of image1
82 - INFO - Data is ploted
147 - INFO - Mode is selected
43 - INFO - Transfromed components into time 
50 - INFO - Mixing Magnitude and Phase
77 - INFO - Finished mixing
111 - INFO - Mix magnitude of image1 and phase of image1
43 - INFO - Transfromed components into time 
50 - INFO - Mixing Magnitude and Phase
77 - INFO - Finished mixing
111 - INFO - Mix magnitude of image1 and phase of image1
82 - INFO - Data is ploted
147 - INFO - Mode is selected
43 - INFO - Transfromed components into time 
50 - INFO - Mixing Magnitude and Phase
77 - INFO - Finished mixing
111 - INFO - Mix magnitude of image1 and phase of image1
43 - INFO - Transfromed components into time 
50 - INFO - Mixing Magnitude and Phase
77 - INFO - Finished mixing
111 - INFO - Mix magnitude of image1 and phase of image1
82 - INFO - Data is ploted
147 - INFO - Mode is selected
43 - INFO - Transfromed components into time 
50 - INFO - Mixing Magnitude and Phase
77 - INFO - Finished mixing
111 - INFO - Mix magnitude of image1 and phase of image1
43 - INFO - Transfromed components into time 
50 - INFO - Mixing Magnitude and Phase
77 - INFO - Finished mixing
111 - INFO - Mix magnitude of image1 and phase of image1
82 - INFO - Data is ploted
147 - INFO - Mode is selected
43 - INFO - Transfromed components into time 
50 - INFO - Mixing Magnitude and Phase
77 - INFO - Finished mixing
111 - INFO - Mix magnitude of image1 and phase of image1
43 - INFO - Transfromed components into time 
50 - INFO - Mixing Magnitude and Phase
77 - INFO - Finished mixing
111 - INFO - Mix magnitude of image1 and phase of image1
82 - INFO - Data is ploted
147 - INFO - Mode is selected
43 - INFO - Transfromed components into time 
50 - INFO - Mixing Magnitude and Phase
77 - INFO - Finished mixing
111 - INFO - Mix magnitude of image1 and phase of image1
43 - INFO - Transfromed components into time 
50 - INFO - Mixing Magnitude and Phase
77 - INFO - Finished mixing
111 - INFO - Mix magnitude of image1 and phase of image1
82 - INFO - Data is ploted
147 - INFO - Mode is selected
43 - INFO - Transfromed components into time 
50 - INFO - Mixing Magnitude and Phase
77 - INFO - Finished mixing
111 - INFO - Mix magnitude of image1 and phase of image1
43 - INFO - Transfromed components into time 
50 - INFO - Mixing Magnitude and Phase
77 - INFO - Finished mixing
111 - INFO - Mix magnitude of image1 and phase of image1
82 - INFO - Data is ploted
147 - INFO - Mode is selected
43 - INFO - Transfromed components into time 
50 - INFO - Mixing Magnitude and Phase
77 - INFO - Finished mixing
111 - INFO - Mix magnitude of image1 and phase of image1
43 - INFO - Transfromed components into time 
50 - INFO - Mixing Magnitude and Phase
77 - INFO - Finished mixing
111 - INFO - Mix magnitude of image1 and phase of image1
82 - INFO - Data is ploted
147 - INFO - Mode is selected
43 - INFO - Transfromed components into time 
50 - INFO - Mixing Magnitude and Phase
77 - INFO - Finished mixing
111 - INFO - Mix magnitude of image1 and phase of image1
43 - INFO - Transfromed components into time 
50 - INFO - Mixing Magnitude and Phase
77 - INFO - Finished mixing
111 - INFO - Mix magnitude of image1 and phase of image1
82 - INFO - Data is ploted
147 - INFO - Mode is selected
43 - INFO - Transfromed components into time 
50 - INFO - Mixing Magnitude and Phase
77 - INFO - Finished mixing
111 - INFO - Mix magnitude of image1 and phase of image1
43 - INFO - Transfromed components into time 
50 - INFO - Mixing Magnitude and Phase
77 - INFO - Finished mixing
111 - INFO - Mix magnitude of image1 and phase of image1
82 - INFO - Data is ploted
147 - INFO - Mode is selected
43 - INFO - Transfromed components into time 
50 - INFO - Mixing Magnitude and Phase
77 - INFO - Finished mixing
111 - INFO - Mix magnitude of image1 and phase of image1
43 - INFO - Transfromed components into time 
50 - INFO - Mixing Magnitude and Phase
77 - INFO - Finished mixing
111 - INFO - Mix magnitude of image1 and phase of image1
82 - INFO - Data is ploted
147 - INFO - Mode is selected
43 - INFO - Transfromed components into time 
50 - INFO - Mixing Magnitude and Phase
77 - INFO - Finished mixing
111 - INFO - Mix magnitude of image1 and phase of image1
43 - INFO - Transfromed components into time 
50 - INFO - Mixing Magnitude and Phase
77 - INFO - Finished mixing
111 - INFO - Mix magnitude of image1 and phase of image1
82 - INFO - Data is ploted
147 - INFO - Mode is selected
