26 - INFO - Browsing the files...
31 - INFO - Image1 opened correctly
59 - INFO - Data is ploted
38 - INFO - Image1  is ploted
26 - INFO - Browsing the files...
31 - INFO - Image2 opened correctly
59 - INFO - Data is ploted
38 - INFO - Image2  is ploted
120 - WARNING - Unavailable Mode
120 - WARNING - Unavailable Mode
126 - WARNING - No Mode is selected
93 - INFO - Transfromed components into time 
100 - INFO - Mixing Magnitude and Phase
127 - INFO - Finished mixing
88 - INFO - Mix magnitude of image1 and phase of image2
120 - WARNING - Unavailable Mode
59 - INFO - Data is ploted
124 - INFO - Mode is selected
156 - INFO - Combobox Itemtext changed
93 - INFO - Transfromed components into time 
100 - INFO - Mixing Magnitude and Phase
127 - INFO - Finished mixing
88 - INFO - Mix magnitude of image1 and phase of image2
120 - WARNING - Unavailable Mode
59 - INFO - Data is ploted
124 - INFO - Mode is selected
93 - INFO - Transfromed components into time 
100 - INFO - Mixing Magnitude and Phase
127 - INFO - Finished mixing
88 - INFO - Mix magnitude of image1 and phase of image2
120 - WARNING - Unavailable Mode
59 - INFO - Data is ploted
124 - INFO - Mode is selected
93 - INFO - Transfromed components into time 
100 - INFO - Mixing Magnitude and Phase
127 - INFO - Finished mixing
88 - INFO - Mix magnitude of image1 and phase of image2
120 - WARNING - Unavailable Mode
59 - INFO - Data is ploted
124 - INFO - Mode is selected
93 - INFO - Transfromed components into time 
100 - INFO - Mixing Magnitude and Phase
127 - INFO - Finished mixing
88 - INFO - Mix magnitude of image1 and phase of image2
120 - WARNING - Unavailable Mode
59 - INFO - Data is ploted
124 - INFO - Mode is selected
93 - INFO - Transfromed components into time 
100 - INFO - Mixing Magnitude and Phase
127 - INFO - Finished mixing
88 - INFO - Mix magnitude of image1 and phase of image2
120 - WARNING - Unavailable Mode
59 - INFO - Data is ploted
124 - INFO - Mode is selected
93 - INFO - Transfromed components into time 
100 - INFO - Mixing Magnitude and Phase
127 - INFO - Finished mixing
88 - INFO - Mix magnitude of image1 and phase of image2
120 - WARNING - Unavailable Mode
59 - INFO - Data is ploted
124 - INFO - Mode is selected
93 - INFO - Transfromed components into time 
100 - INFO - Mixing Magnitude and Phase
127 - INFO - Finished mixing
88 - INFO - Mix magnitude of image1 and phase of image2
120 - WARNING - Unavailable Mode
59 - INFO - Data is ploted
124 - INFO - Mode is selected
93 - INFO - Transfromed components into time 
100 - INFO - Mixing Magnitude and Phase
127 - INFO - Finished mixing
88 - INFO - Mix magnitude of image1 and phase of image2
120 - WARNING - Unavailable Mode
59 - INFO - Data is ploted
124 - INFO - Mode is selected
93 - INFO - Transfromed components into time 
100 - INFO - Mixing Magnitude and Phase
127 - INFO - Finished mixing
88 - INFO - Mix magnitude of image1 and phase of image2
120 - WARNING - Unavailable Mode
59 - INFO - Data is ploted
124 - INFO - Mode is selected
93 - INFO - Transfromed components into time 
100 - INFO - Mixing Magnitude and Phase
127 - INFO - Finished mixing
88 - INFO - Mix magnitude of image1 and phase of image2
120 - WARNING - Unavailable Mode
59 - INFO - Data is ploted
124 - INFO - Mode is selected
93 - INFO - Transfromed components into time 
100 - INFO - Mixing Magnitude and Phase
127 - INFO - Finished mixing
88 - INFO - Mix magnitude of image1 and phase of image2
120 - WARNING - Unavailable Mode
59 - INFO - Data is ploted
124 - INFO - Mode is selected
93 - INFO - Transfromed components into time 
100 - INFO - Mixing Magnitude and Phase
127 - INFO - Finished mixing
88 - INFO - Mix magnitude of image1 and phase of image2
120 - WARNING - Unavailable Mode
59 - INFO - Data is ploted
124 - INFO - Mode is selected
93 - INFO - Transfromed components into time 
100 - INFO - Mixing Magnitude and Phase
127 - INFO - Finished mixing
88 - INFO - Mix magnitude of image1 and phase of image2
120 - WARNING - Unavailable Mode
59 - INFO - Data is ploted
124 - INFO - Mode is selected
93 - INFO - Transfromed components into time 
100 - INFO - Mixing Magnitude and Phase
127 - INFO - Finished mixing
88 - INFO - Mix magnitude of image1 and phase of image2
120 - WARNING - Unavailable Mode
59 - INFO - Data is ploted
124 - INFO - Mode is selected
93 - INFO - Transfromed components into time 
100 - INFO - Mixing Magnitude and Phase
127 - INFO - Finished mixing
88 - INFO - Mix magnitude of image1 and phase of image2
120 - WARNING - Unavailable Mode
59 - INFO - Data is ploted
124 - INFO - Mode is selected
93 - INFO - Transfromed components into time 
100 - INFO - Mixing Magnitude and Phase
127 - INFO - Finished mixing
88 - INFO - Mix magnitude of image1 and phase of image2
120 - WARNING - Unavailable Mode
59 - INFO - Data is ploted
124 - INFO - Mode is selected
93 - INFO - Transfromed components into time 
100 - INFO - Mixing Magnitude and Phase
127 - INFO - Finished mixing
88 - INFO - Mix magnitude of image1 and phase of image2
120 - WARNING - Unavailable Mode
59 - INFO - Data is ploted
124 - INFO - Mode is selected
93 - INFO - Transfromed components into time 
100 - INFO - Mixing Magnitude and Phase
127 - INFO - Finished mixing
88 - INFO - Mix magnitude of image1 and phase of image2
120 - WARNING - Unavailable Mode
59 - INFO - Data is ploted
124 - INFO - Mode is selected
93 - INFO - Transfromed components into time 
100 - INFO - Mixing Magnitude and Phase
127 - INFO - Finished mixing
88 - INFO - Mix magnitude of image1 and phase of image2
120 - WARNING - Unavailable Mode
59 - INFO - Data is ploted
124 - INFO - Mode is selected
93 - INFO - Transfromed components into time 
100 - INFO - Mixing Magnitude and Phase
127 - INFO - Finished mixing
88 - INFO - Mix magnitude of image1 and phase of image2
120 - WARNING - Unavailable Mode
59 - INFO - Data is ploted
124 - INFO - Mode is selected
93 - INFO - Transfromed components into time 
100 - INFO - Mixing Magnitude and Phase
127 - INFO - Finished mixing
88 - INFO - Mix magnitude of image1 and phase of image2
120 - WARNING - Unavailable Mode
59 - INFO - Data is ploted
124 - INFO - Mode is selected
93 - INFO - Transfromed components into time 
100 - INFO - Mixing Magnitude and Phase
127 - INFO - Finished mixing
88 - INFO - Mix magnitude of image1 and phase of image2
120 - WARNING - Unavailable Mode
59 - INFO - Data is ploted
124 - INFO - Mode is selected
93 - INFO - Transfromed components into time 
100 - INFO - Mixing Magnitude and Phase
127 - INFO - Finished mixing
88 - INFO - Mix magnitude of image1 and phase of image2
120 - WARNING - Unavailable Mode
59 - INFO - Data is ploted
124 - INFO - Mode is selected
93 - INFO - Transfromed components into time 
100 - INFO - Mixing Magnitude and Phase
127 - INFO - Finished mixing
88 - INFO - Mix magnitude of image1 and phase of image2
120 - WARNING - Unavailable Mode
59 - INFO - Data is ploted
124 - INFO - Mode is selected
93 - INFO - Transfromed components into time 
100 - INFO - Mixing Magnitude and Phase
127 - INFO - Finished mixing
88 - INFO - Mix magnitude of image1 and phase of image2
120 - WARNING - Unavailable Mode
59 - INFO - Data is ploted
124 - INFO - Mode is selected
